::1 - - [08/Sep/2025:13:43:52 +0000] "POST /accounts HTTP/1.1" 201 195 "-" "PostmanRuntime/7.45.0"
::1 - - [09/Sep/2025:12:40:03 +0000] "GET /accounts HTTP/1.1" 200 199 "-" "PostmanRuntime/7.45.0"
::1 - - [11/Sep/2025:13:47:08 +0000] "GET /accounts HTTP/1.1" 200 199 "-" "PostmanRuntime/7.46.0"
::1 - - [11/Sep/2025:13:48:32 +0000] "POST /accounts HTTP/1.1" 201 186 "-" "PostmanRuntime/7.46.0"
::1 - - [11/Sep/2025:13:48:50 +0000] "POST /accounts HTTP/1.1" 201 186 "-" "PostmanRuntime/7.46.0"
::1 - - [11/Sep/2025:13:49:13 +0000] "POST /accounts HTTP/1.1" 201 186 "-" "PostmanRuntime/7.46.0"
::1 - - [11/Sep/2025:13:49:43 +0000] "POST /accounts HTTP/1.1" 201 186 "-" "PostmanRuntime/7.46.0"
::1 - - [11/Sep/2025:13:50:10 +0000] "POST /accounts HTTP/1.1" 201 186 "-" "PostmanRuntime/7.46.0"
::1 - - [11/Sep/2025:13:50:28 +0000] "POST /accounts HTTP/1.1" 201 186 "-" "PostmanRuntime/7.46.0"
::1 - - [11/Sep/2025:13:54:44 +0000] "GET /accounts/pages?page=1&limit=3 HTTP/1.1" 200 609 "-" "PostmanRuntime/7.46.0"
::1 - - [11/Sep/2025:13:56:44 +0000] "GET /accounts/pages?page=2&limit=3 HTTP/1.1" 200 600 "-" "PostmanRuntime/7.46.0"
::1 - - [15/Sep/2025:13:41:34 +0000] "GET /accounts HTTP/1.1" 200 1333 "-" "PostmanRuntime/7.46.0"
::1 - - [15/Sep/2025:14:29:17 +0000] "GET /accounts HTTP/1.1" 200 724 "-" "PostmanRuntime/7.46.0"
::1 - - [16/Sep/2025:11:40:10 +0000] "GET /accounts HTTP/1.1" 200 724 "-" "PostmanRuntime/7.46.0"
::1 - - [16/Sep/2025:11:40:14 +0000] "GET /accounts HTTP/1.1" 200 724 "-" "PostmanRuntime/7.46.0"
::1 - - [16/Sep/2025:11:40:24 +0000] "GET /accounts HTTP/1.1" 200 724 "-" "PostmanRuntime/7.46.0"
::1 - - [16/Sep/2025:13:32:42 +0000] "PATCH /accounts HTTP/1.1" 400 20 "-" "PostmanRuntime/7.46.0"
::1 - - [16/Sep/2025:13:33:28 +0000] "PATCH /accounts HTTP/1.1" 400 20 "-" "PostmanRuntime/7.46.0"
::1 - - [16/Sep/2025:13:40:25 +0000] "PATCH /accounts?id=123456789 HTTP/1.1" 200 192 "-" "PostmanRuntime/7.46.0"
::1 - - [16/Sep/2025:13:40:42 +0000] "PATCH /accounts?id=123456789 HTTP/1.1" 200 194 "-" "PostmanRuntime/7.46.0"
